0 verbose cli /usr/local/Cellar/node/22.9.0_1/bin/node /usr/local/bin/npm
1 info using npm@10.8.3
2 info using node@v22.9.0
3 silly config load:file:/usr/local/lib/node_modules/npm/npmrc
4 silly config load:file:/Users/ahmedaaali/.local/share/nvim/mason/staging/pyright/.npmrc
5 silly config load:file:/Users/ahmedaaali/.npmrc
6 silly config load:file:/usr/local/etc/npmrc
7 verbose title npm install pyright@1.1.385
8 verbose argv "install" "pyright@1.1.385"
9 verbose logfile logs-max:10 dir:/Users/ahmedaaali/.npm/_logs/2024-10-21T07_02_05_169Z-
10 verbose logfile /Users/ahmedaaali/.npm/_logs/2024-10-21T07_02_05_169Z-debug-0.log
11 silly packumentCache heap:2197815296 maxSize:549453824 maxEntrySize:274726912
12 silly logfile start cleaning logs, removing 2 files
13 silly logfile done cleaning log files
14 silly idealTree buildDeps
15 silly fetch manifest pyright@1.1.385
16 silly packumentCache full:https://registry.npmjs.org/pyright cache-miss
17 http fetch GET 200 https://registry.npmjs.org/pyright 542ms (cache updated)
18 silly packumentCache full:https://registry.npmjs.org/pyright set size:undefined disposed:false
19 silly placeDep ROOT pyright@1.1.385 OK for: @mason/pyright@1.0.0 want: 1.1.385
20 silly fetch manifest fsevents@~2.3.3
21 silly packumentCache full:https://registry.npmjs.org/fsevents cache-miss
22 http fetch GET 200 https://registry.npmjs.org/fsevents 48ms (cache revalidated)
23 silly packumentCache full:https://registry.npmjs.org/fsevents set size:182472 disposed:false
24 silly placeDep node_modules/pyright fsevents@2.3.3 OK for: pyright@1.1.385 want: ~2.3.3
25 silly reify moves {}
26 silly audit bulk request { pyright: [ '1.1.385' ], fsevents: [ '2.3.3' ] }
27 silly tarball no local data for pyright@https://registry.npmjs.org/pyright/-/pyright-1.1.385.tgz. Extracting by manifest.
28 http fetch POST 200 https://registry.npmjs.org/-/npm/v1/security/advisories/bulk 114ms
29 silly audit report {}
30 http fetch GET 200 https://registry.npmjs.org/pyright/-/pyright-1.1.385.tgz 4673ms (cache miss)
31 info run fsevents@2.3.3 install node_modules/pyright/node_modules/fsevents node-gyp rebuild
32 info run fsevents@2.3.3 install { code: 1, signal: null }
33 verbose reify failed optional dependency /Users/ahmedaaali/.local/share/nvim/mason/staging/pyright/node_modules/pyright/node_modules/fsevents
34 silly reify mark deleted [
34 silly reify   '/Users/ahmedaaali/.local/share/nvim/mason/staging/pyright/node_modules/pyright/node_modules/fsevents'
34 silly reify ]
35 silly ADD node_modules/pyright
36 silly ADD
37 verbose cwd /Users/ahmedaaali/.local/share/nvim/mason/staging/pyright
38 verbose os Darwin 22.6.0
39 verbose node v22.9.0
40 verbose npm  v10.8.3
41 verbose exit 0
42 info ok
