0 verbose cli /usr/local/Cellar/node/22.9.0_1/bin/node /usr/local/bin/npm
1 info using npm@10.8.3
2 info using node@v22.9.0
3 silly config load:file:/usr/local/lib/node_modules/npm/npmrc
4 silly config load:file:/Users/ahmedaaali/.local/share/nvim/mason/staging/prettier/.npmrc
5 silly config load:file:/Users/ahmedaaali/.npmrc
6 silly config load:file:/usr/local/etc/npmrc
7 verbose title npm install prettier@3.3.3
8 verbose argv "install" "prettier@3.3.3"
9 verbose logfile logs-max:10 dir:/Users/ahmedaaali/.npm/_logs/2024-10-08T21_16_22_966Z-
10 verbose logfile /Users/ahmedaaali/.npm/_logs/2024-10-08T21_16_22_966Z-debug-0.log
11 silly packumentCache heap:2197815296 maxSize:549453824 maxEntrySize:274726912
12 silly logfile start cleaning logs, removing 2 files
13 silly logfile done cleaning log files
14 silly idealTree buildDeps
15 silly fetch manifest prettier@3.3.3
16 silly packumentCache full:https://registry.npmjs.org/prettier cache-miss
17 http fetch GET 200 https://registry.npmjs.org/prettier 1282ms (cache revalidated)
18 silly packumentCache full:https://registry.npmjs.org/prettier set size:536542 disposed:false
19 silly placeDep ROOT prettier@3.3.3 OK for: @mason/prettier@1.0.0 want: 3.3.3
20 silly reify moves {}
21 silly audit bulk request { prettier: [ '3.3.3' ] }
22 http fetch POST 200 https://registry.npmjs.org/-/npm/v1/security/advisories/bulk 152ms
23 silly audit report {}
24 silly ADD node_modules/prettier
25 verbose cwd /Users/ahmedaaali/.local/share/nvim/mason/staging/prettier
26 verbose os Darwin 22.6.0
27 verbose node v22.9.0
28 verbose npm  v10.8.3
29 verbose exit 0
30 info ok
