0 verbose cli /usr/local/Cellar/node/22.9.0_1/bin/node /usr/local/bin/npm
1 info using npm@10.8.3
2 info using node@v22.9.0
3 silly config load:file:/usr/local/lib/node_modules/npm/npmrc
4 silly config load:file:/Users/ahmedaaali/.local/share/nvim/mason/staging/pyright/.npmrc
5 silly config load:file:/Users/ahmedaaali/.npmrc
6 silly config load:file:/usr/local/etc/npmrc
7 verbose title npm init
8 verbose argv "init" "--yes" "--scope" "mason"
9 verbose logfile logs-max:10 dir:/Users/ahmedaaali/.npm/_logs/2024-10-23T06_40_42_097Z-
10 verbose logfile /Users/ahmedaaali/.npm/_logs/2024-10-23T06_40_42_097Z-debug-0.log
11 silly logfile start cleaning logs, removing 1 files
12 silly logfile done cleaning log files
13 silly package data {
13 silly package data   name: '@mason/pyright',
13 silly package data   version: '1.0.0',
13 silly package data   main: 'index.js',
13 silly package data   scripts: { test: 'echo "Error: no test specified" && exit 1' },
13 silly package data   keywords: [],
13 silly package data   author: '',
13 silly package data   license: 'ISC',
13 silly package data   description: ''
13 silly package data }
14 verbose cwd /Users/ahmedaaali/.local/share/nvim/mason/staging/pyright
15 verbose os Darwin 22.6.0
16 verbose node v22.9.0
17 verbose npm  v10.8.3
18 verbose exit 0
19 info ok
